#
# A fatal error has been detected by the Java Runtime Environment:
#
#  Internal Error (classFileParser.cpp:3494), pid=6088, tid=4304
#  Error: ShouldNotReachHere()
#
# JRE version: 6.0_26-b03
# Java VM: Java HotSpot(TM) Client VM (20.1-b02 mixed mode windows-x86 )
# If you would like to submit a bug report, please visit:
#   http://java.sun.com/webapps/bugreport/crash.jsp
#

---------------  T H R E A D  ---------------

Current thread (0x002d9c00):  JavaThread "Unknown thread" [_thread_in_vm, id=4304, stack(0x002e0000,0x00330000)]

Stack: [0x002e0000,0x00330000],  sp=0x0032f86c,  free space=318k
Native frames: (J=compiled Java code, j=interpreted, Vv=VM code, C=native code)
V  [jvm.dll+0x13379a]
V  [jvm.dll+0x12e6fb]
V  [jvm.dll+0x163fe]
V  [jvm.dll+0x17c1f]
V  [jvm.dll+0x26cc5]
V  [jvm.dll+0x27506]
V  [jvm.dll+0x278b5]
V  [jvm.dll+0x27949]
V  [jvm.dll+0x27a0c]
V  [jvm.dll+0x27a8a]
V  [jvm.dll+0x27b6d]
V  [jvm.dll+0x27e39]
V  [jvm.dll+0x6c523]
V  [jvm.dll+0x6c8fc]
V  [jvm.dll+0xf9d5c]
V  [jvm.dll+0x11864b]
V  [jvm.dll+0x9ec30]
C  [javaw.exe+0x1657]
C  [javaw.exe+0x1e2c]
C  [javaw.exe+0x8644]
C  [kernel32.dll+0x4ed6c]  BaseThreadInitThunk+0x12
C  [ntdll.dll+0x6377b]  RtlInitializeExceptionChain+0xef
C  [ntdll.dll+0x6374e]  RtlInitializeExceptionChain+0xc2


---------------  P R O C E S S  ---------------

Java Threads: ( => current thread )

Other Threads:

=>0x002d9c00 (exited) JavaThread "Unknown thread" [_thread_in_vm, id=4304, stack(0x002e0000,0x00330000)]

VM state:not at safepoint (not fully initialized)

VM Mutex/Monitor currently owned by a thread: None

Dynamic libraries:
0x00400000 - 0x00424000 	C:\Program Files\Java\jre6\bin\javaw.exe
0x770f0000 - 0x7722c000 	C:\Windows\SYSTEM32\ntdll.dll
0x76e90000 - 0x76f64000 	C:\Windows\system32\kernel32.dll
0x75500000 - 0x7554a000 	C:\Windows\system32\KERNELBASE.dll
0x76da0000 - 0x76e40000 	C:\Windows\system32\ADVAPI32.dll
0x75810000 - 0x758bc000 	C:\Windows\system32\msvcrt.dll
0x772d0000 - 0x772e9000 	C:\Windows\SYSTEM32\sechost.dll
0x75db0000 - 0x75e51000 	C:\Windows\system32\RPCRT4.dll
0x75580000 - 0x75649000 	C:\Windows\system32\USER32.dll
0x76e40000 - 0x76e8e000 	C:\Windows\system32\GDI32.dll
0x75da0000 - 0x75daa000 	C:\Windows\system32\LPK.dll
0x75b10000 - 0x75bad000 	C:\Windows\system32\USP10.dll
0x75180000 - 0x751cc000 	C:\Windows\system32\apphelp.dll
0x723f0000 - 0x7247d000 	C:\Windows\AppPatch\AcLayers.DLL
0x75160000 - 0x7517b000 	C:\Windows\system32\SspiCli.dll
0x75f30000 - 0x76b7a000 	C:\Windows\system32\SHELL32.dll
0x758c0000 - 0x75917000 	C:\Windows\system32\SHLWAPI.dll
0x76f90000 - 0x770ec000 	C:\Windows\system32\ole32.dll
0x75e60000 - 0x75eef000 	C:\Windows\system32\OLEAUT32.dll
0x74870000 - 0x74887000 	C:\Windows\system32\USERENV.dll
0x75270000 - 0x7527b000 	C:\Windows\system32\profapi.dll
0x742a0000 - 0x742f1000 	C:\Windows\system32\WINSPOOL.DRV
0x74340000 - 0x74352000 	C:\Windows\system32\MPR.dll
0x76f70000 - 0x76f8f000 	C:\Windows\system32\IMM32.DLL
0x75bb0000 - 0x75c7c000 	C:\Windows\system32\MSCTF.dll
0x10000000 - 0x1004d000 	C:\Windows\system32\guard32.dll
0x75260000 - 0x75269000 	C:\Windows\system32\VERSION.dll
0x75250000 - 0x75257000 	C:\Windows\system32\fltlib.dll
0x7c340000 - 0x7c396000 	C:\Program Files\Java\jre6\bin\msvcr71.dll
0x6d7f0000 - 0x6da9f000 	C:\Program Files\Java\jre6\bin\client\jvm.dll
0x743a0000 - 0x743d2000 	C:\Windows\system32\WINMM.dll
0x6d7a0000 - 0x6d7ac000 	C:\Program Files\Java\jre6\bin\verify.dll
0x6d320000 - 0x6d33f000 	C:\Program Files\Java\jre6\bin\java.dll
0x77230000 - 0x77235000 	C:\Windows\system32\PSAPI.DLL
0x6d7e0000 - 0x6d7ef000 	C:\Program Files\Java\jre6\bin\zip.dll

VM Arguments:
jvm_args: -Dfile.encoding=Cp1252 -Xbootclasspath:C:\Program Files\Android\android-sdk\platforms\android-13\android.jar 
java_command: processing.core.PApplet
Launcher Type: SUN_STANDARD

Environment Variables:
CLASSPATH=.;C:\Program Files\QuickTime\QTSystem\QTJava.zip;C:\Program Files\Java\jdk1.6.0_26\bin
PATH=C:/Program Files/Java/jre6/bin/client;C:/Program Files/Java/jre6/bin;C:/Program Files/Java/jre6/lib/i386;C:\Program Files\Common Files\Microsoft Shared\Windows Live;C:\Windows\system32;C:\Windows;C:\Windows\System32\Wbem;C:\Program Files\Python;C:\Windows\System32\WindowsPowerShell\v1.0\;C:\Program Files\QuickTime\QTSystem\;C:\Program Files\Windows Live\Shared;C:\Program Files\Java\jdk1.6.0_26\bin;C:\Program Files\Android\android-sdk\platform-tools;C:\Program Files\Calibre2\;C:\Program Files\Android\apktool\;C:\Program Files\Eclipse;
USERNAME=Aaron
OS=Windows_NT
PROCESSOR_IDENTIFIER=x86 Family 16 Model 2 Stepping 3, AuthenticAMD



---------------  S Y S T E M  ---------------

OS: Windows 7 Build 7601 Service Pack 1

CPU:total 2 (2 cores per cpu, 1 threads per core) family 16 model 2 stepping 3, cmov, cx8, fxsr, mmx, sse, sse2, sse3, popcnt, mmxext, 3dnow, 3dnowext, lzcnt, sse4a

Memory: 4k page, physical 3013112k(849564k free), swap 6026224k(2880108k free)

vm_info: Java HotSpot(TM) Client VM (20.1-b02) for windows-x86 JRE (1.6.0_26-b03), built on May  4 2011 00:50:59 by "java_re" with MS VC++ 7.1 (VS2003)

time: Wed Apr 18 16:30:51 2012
elapsed time: 0 seconds

